boring printing
/uploads/WIN_20160201_04_23_24_Pro.jpg
/uploads/WIN_20160201_04_23_36_Pro.jpg
/uploads/WIN_20160201_04_23_36_Pro.jpg
-uploads-12642823_1363697723655817_4381434147754159749_n.jpg
-uploads-text3342.png
auploadsaIMG20160206014129.jpg
auploadsageiaaa.jpg
INSERT INTO images (img) VALUES (auploadsageiaaa.jpg);
auploadsavvvv.jpg
auploadsavvvv.jpg
INSERT INTO images (img) VALUES ('auploadsavvvv.jpg');
\/uploads\/vvvv%20-%20Copy%20%2819%29.jpg
%2Fuploads%2Fvvvv%2520-%2520Copy%2520%252818%2529.jpg
%27%2Fuploads%2Fvvvv%2520-%2520Copy%2520%252817%2529.jpg%27
%22%2Fuploads%2Fvvvv%2520-%2520Copy%2520%252816%2529.jpg%22
%2Fuploads%2Fvvvv%2520-%2520Copy%2520%25283%2529.jpg
%2Fuploads%2Fvvvv%2520-%2520Copy%2520%25284%2529.jpg
/uploads/vvvv%20-%20Copy%20%284%29.jpg
/uploads/vvvv%20-%20Copy%20%285%29.jpg
/uploads/vvvv%20-%20Copy%20%285%29.jpg
/uploads/vvvv%20-%20Copy%20%2811%29.jpg
/uploads/vvvv.jpg
/uploads/vvvv.jpg
/uploads/vvvv%20-%20Copy.jpg
/uploads/vvvv%20-%20Copy%20%287%29.jpg
/uploads/vvvv%20-%20Copy%20%288%29.jpg
/uploads/vvvv.jpg
/uploads/vvvv.jpg
/uploads/vvvv%20-%20Copy%20%2813%29.jpg
/uploads/vvvv%20-%20Copy%20%2818%29.jpg
[[[125 132 149]
  [120 127 147]
  [113 120 147]
  ..., 
  [ 63  40  48]
  [ 63  43  48]
  [ 63  46  50]]

 [[125 132 149]
  [122 129 149]
  [117 123 152]
  ..., 
  [ 59  36  44]
  [ 60  40  45]
  [ 61  44  48]]

 [[126 133 152]
  [126 132 155]
  [123 129 158]
  ..., 
  [ 66  42  50]
  [ 63  42  50]
  [ 62  44  51]]

 ..., 
 [[ 42  20  39]
  [ 42  20  39]
  [ 42  22  41]
  ..., 
  [ 41   5  21]
  [ 42   6  23]
  [ 44   8  25]]

 [[ 41  19  38]
  [ 39  17  36]
  [ 39  19  38]
  ..., 
  [ 40   7  22]
  [ 39   7  24]
  [ 40   8  25]]

 [[ 38  16  35]
  [ 36  14  33]
  [ 35  16  35]
  ..., 
  [ 39   8  23]
  [ 38   9  25]
  [ 39  10  26]]]
/uploads/vvvv%20-%20Copy%20%2814%29.jpg
None
/uploads/vvvv%20-%20Copy%20%2813%29.jpg
None
None
vvvv - Copy.jpg
None
vvvv.jpg
None
vvvv - Copy.jpg
None
vvvv - Copy (15).jpg
None
vvvv - Copy (13).jpg
None
vvvv - Copy (6).jpg
None
vvvv - Copy (2).jpg
None
vvvv - Copy (3).jpg
None
vvvv - Copy (10).jpg
None
None
[[[125 132 149]
  [120 127 147]
  [113 120 147]
  ..., 
  [ 63  40  48]
  [ 63  43  48]
  [ 63  46  50]]

 [[125 132 149]
  [122 129 149]
  [117 123 152]
  ..., 
  [ 59  36  44]
  [ 60  40  45]
  [ 61  44  48]]

 [[126 133 152]
  [126 132 155]
  [123 129 158]
  ..., 
  [ 66  42  50]
  [ 63  42  50]
  [ 62  44  51]]

 ..., 
 [[ 42  20  39]
  [ 42  20  39]
  [ 42  22  41]
  ..., 
  [ 41   5  21]
  [ 42   6  23]
  [ 44   8  25]]

 [[ 41  19  38]
  [ 39  17  36]
  [ 39  19  38]
  ..., 
  [ 40   7  22]
  [ 39   7  24]
  [ 40   8  25]]

 [[ 38  16  35]
  [ 36  14  33]
  [ 35  16  35]
  ..., 
  [ 39   8  23]
  [ 38   9  25]
  [ 39  10  26]]]
[[[125 132 149]
  [120 127 147]
  [113 120 147]
  ..., 
  [ 63  40  48]
  [ 63  43  48]
  [ 63  46  50]]

 [[125 132 149]
  [122 129 149]
  [117 123 152]
  ..., 
  [ 59  36  44]
  [ 60  40  45]
  [ 61  44  48]]

 [[126 133 152]
  [126 132 155]
  [123 129 158]
  ..., 
  [ 66  42  50]
  [ 63  42  50]
  [ 62  44  51]]

 ..., 
 [[ 42  20  39]
  [ 42  20  39]
  [ 42  22  41]
  ..., 
  [ 41   5  21]
  [ 42   6  23]
  [ 44   8  25]]

 [[ 41  19  38]
  [ 39  17  36]
  [ 39  19  38]
  ..., 
  [ 40   7  22]
  [ 39   7  24]
  [ 40   8  25]]

 [[ 38  16  35]
  [ 36  14  33]
  [ 35  16  35]
  ..., 
  [ 39   8  23]
  [ 38   9  25]
  [ 39  10  26]]]
[[[125 132 149]
  [120 127 147]
  [113 120 147]
  ..., 
  [ 63  40  48]
  [ 63  43  48]
  [ 63  46  50]]

 [[125 132 149]
  [122 129 149]
  [117 123 152]
  ..., 
  [ 59  36  44]
  [ 60  40  45]
  [ 61  44  48]]

 [[126 133 152]
  [126 132 155]
  [123 129 158]
  ..., 
  [ 66  42  50]
  [ 63  42  50]
  [ 62  44  51]]

 ..., 
 [[ 42  20  39]
  [ 42  20  39]
  [ 42  22  41]
  ..., 
  [ 41   5  21]
  [ 42   6  23]
  [ 44   8  25]]

 [[ 41  19  38]
  [ 39  17  36]
  [ 39  19  38]
  ..., 
  [ 40   7  22]
  [ 39   7  24]
  [ 40   8  25]]

 [[ 38  16  35]
  [ 36  14  33]
  [ 35  16  35]
  ..., 
  [ 39   8  23]
  [ 38   9  25]
  [ 39  10  26]]]
[[  0.00000000e+00]
 [  0.00000000e+00]
 [  0.00000000e+00]
 [  0.00000000e+00]
 [  0.00000000e+00]
 [  0.00000000e+00]
 [  0.00000000e+00]
 [  3.00000000e+00]
 [  1.30000000e+01]
 [  5.30000000e+01]
 [  2.04000000e+02]
 [  9.01000000e+02]
 [  3.91400000e+03]
 [  1.57050000e+04]
 [  4.45390000e+04]
 [  3.58480000e+04]
 [  2.42340000e+04]
 [  1.74350000e+04]
 [  1.38250000e+04]
 [  1.24350000e+04]
 [  1.38280000e+04]
 [  1.72160000e+04]
 [  1.29400000e+04]
 [  1.05480000e+04]
 [  9.37700000e+03]
 [  8.73800000e+03]
 [  9.12200000e+03]
 [  1.02250000e+04]
 [  1.13900000e+04]
 [  8.64500000e+03]
 [  6.60400000e+03]
 [  5.25100000e+03]
 [  4.50400000e+03]
 [  4.43800000e+03]
 [  4.49200000e+03]
 [  4.84600000e+03]
 [  3.85000000e+03]
 [  3.35400000e+03]
 [  2.98600000e+03]
 [  2.91600000e+03]
 [  2.91000000e+03]
 [  3.20100000e+03]
 [  3.51300000e+03]
 [  3.10900000e+03]
 [  2.88600000e+03]
 [  2.70800000e+03]
 [  2.59500000e+03]
 [  2.69300000e+03]
 [  3.17200000e+03]
 [  3.60400000e+03]
 [  3.21300000e+03]
 [  3.18300000e+03]
 [  3.03500000e+03]
 [  3.16400000e+03]
 [  3.22800000e+03]
 [  3.83700000e+03]
 [  4.46100000e+03]
 [  4.00100000e+03]
 [  3.96900000e+03]
 [  4.07900000e+03]
 [  4.16300000e+03]
 [  4.47700000e+03]
 [  5.12900000e+03]
 [  6.56800000e+03]
 [  8.53600000e+03]
 [  7.16500000e+03]
 [  6.00000000e+03]
 [  5.35200000e+03]
 [  5.36200000e+03]
 [  5.56700000e+03]
 [  6.05400000e+03]
 [  7.04300000e+03]
 [  5.87500000e+03]
 [  5.37000000e+03]
 [  4.94900000e+03]
 [  5.11500000e+03]
 [  5.58800000e+03]
 [  6.60700000e+03]
 [  8.17500000e+03]
 [  6.73200000e+03]
 [  5.89000000e+03]
 [  5.15100000e+03]
 [  5.04000000e+03]
 [  5.02700000e+03]
 [  5.69200000e+03]
 [  6.68200000e+03]
 [  5.52500000e+03]
 [  4.86400000e+03]
 [  4.36200000e+03]
 [  4.05700000e+03]
 [  3.95100000e+03]
 [  4.24800000e+03]
 [  4.87700000e+03]
 [  4.03400000e+03]
 [  3.46800000e+03]
 [  3.16800000e+03]
 [  2.97400000e+03]
 [  3.13000000e+03]
 [  3.47200000e+03]
 [  4.32000000e+03]
 [  3.70300000e+03]
 [  3.36100000e+03]
 [  3.17700000e+03]
 [  3.14500000e+03]
 [  3.17600000e+03]
 [  3.56800000e+03]
 [  4.09900000e+03]
 [  3.51200000e+03]
 [  3.24200000e+03]
 [  3.24600000e+03]
 [  3.34100000e+03]
 [  3.55400000e+03]
 [  4.01300000e+03]
 [  4.82300000e+03]
 [  4.12800000e+03]
 [  3.75900000e+03]
 [  3.48600000e+03]
 [  3.48300000e+03]
 [  3.37700000e+03]
 [  3.73200000e+03]
 [  4.28700000e+03]
 [  3.66800000e+03]
 [  3.65700000e+03]
 [  3.47600000e+03]
 [  3.33400000e+03]
 [  3.23400000e+03]
 [  3.40200000e+03]
 [  3.52000000e+03]
 [  3.89500000e+03]
 [  3.23300000e+03]
 [  2.80500000e+03]
 [  2.65100000e+03]
 [  2.48400000e+03]
 [  2.53900000e+03]
 [  2.67500000e+03]
 [  3.02700000e+03]
 [  2.62100000e+03]
 [  2.58200000e+03]
 [  2.45900000e+03]
 [  2.33200000e+03]
 [  2.36700000e+03]
 [  2.57700000e+03]
 [  2.78600000e+03]
 [  2.44100000e+03]
 [  2.24400000e+03]
 [  2.27200000e+03]
 [  2.14800000e+03]
 [  2.24300000e+03]
 [  2.39300000e+03]
 [  2.80900000e+03]
 [  2.34600000e+03]
 [  2.14900000e+03]
 [  2.06800000e+03]
 [  2.05100000e+03]
 [  2.09600000e+03]
 [  2.28800000e+03]
 [  2.52600000e+03]
 [  2.18000000e+03]
 [  2.05900000e+03]
 [  1.92500000e+03]
 [  1.74600000e+03]
 [  1.93500000e+03]
 [  2.15000000e+03]
 [  2.43900000e+03]
 [  2.12600000e+03]
 [  1.91200000e+03]
 [  1.70900000e+03]
 [  1.47000000e+03]
 [  1.44000000e+03]
 [  1.59500000e+03]
 [  1.73700000e+03]
 [  1.53600000e+03]
 [  1.33500000e+03]
 [  1.21000000e+03]
 [  1.20900000e+03]
 [  1.19600000e+03]
 [  1.39000000e+03]
 [  1.62800000e+03]
 [  1.42400000e+03]
 [  1.30900000e+03]
 [  1.28400000e+03]
 [  1.25100000e+03]
 [  1.35500000e+03]
 [  1.49000000e+03]
 [  1.74100000e+03]
 [  1.53400000e+03]
 [  1.42600000e+03]
 [  1.40800000e+03]
 [  1.41100000e+03]
 [  1.39500000e+03]
 [  1.42300000e+03]
 [  1.65400000e+03]
 [  1.90600000e+03]
 [  1.73800000e+03]
 [  1.52200000e+03]
 [  1.34500000e+03]
 [  1.36800000e+03]
 [  1.28500000e+03]
 [  1.55000000e+03]
 [  1.60400000e+03]
 [  1.36300000e+03]
 [  1.23900000e+03]
 [  1.12300000e+03]
 [  1.10300000e+03]
 [  1.16800000e+03]
 [  1.28000000e+03]
 [  1.60300000e+03]
 [  1.34700000e+03]
 [  1.19300000e+03]
 [  1.01000000e+03]
 [  9.60000000e+02]
 [  9.46000000e+02]
 [  1.13100000e+03]
 [  1.09100000e+03]
 [  8.31000000e+02]
 [  7.92000000e+02]
 [  7.30000000e+02]
 [  6.85000000e+02]
 [  7.47000000e+02]
 [  8.23000000e+02]
 [  9.48000000e+02]
 [  8.95000000e+02]
 [  7.79000000e+02]
 [  7.47000000e+02]
 [  7.38000000e+02]
 [  7.49000000e+02]
 [  8.70000000e+02]
 [  1.07800000e+03]
 [  1.05100000e+03]
 [  8.82000000e+02]
 [  9.23000000e+02]
 [  9.50000000e+02]
 [  9.70000000e+02]
 [  1.14600000e+03]
 [  1.63800000e+03]
 [  1.50300000e+03]
 [  1.52000000e+03]
 [  1.41900000e+03]
 [  1.38100000e+03]
 [  1.45500000e+03]
 [  1.86800000e+03]
 [  2.58400000e+03]
 [  2.47800000e+03]
 [  2.39200000e+03]
 [  2.21600000e+03]
 [  2.05500000e+03]
 [  2.39900000e+03]
 [  2.78600000e+03]
 [  3.94400000e+03]
 [  2.25500000e+03]
 [  3.41000000e+03]
 [  2.71300000e+03]
 [  1.64100000e+03]
 [  3.39000000e+03]
 [  2.00000000e+00]
 [  1.00000000e+00]]
[]
[]
[]
[]
[]
[]
0.0818938
0.0818938
0.0818938
0.0818938
0.0818938
0.0818938
0.0818938
0.0818938
0.0}
0.0818938
.0}
0.0}
0.0818938
.0}
0.0}
0.0818938
.0}
0.0}
0.0818938
.0}
0.0}
0.0818938
.0}
0.0}
0.0818938
.0}
0.0}
0.0818938
.0}
0.0}
0.0818938
.0}
0.0}
0.0818938
.0}
0.0}
0.0818938
0.0
0.0}
0.0
